c:\hallosoft\spire\obj\development\vc141.pdb
c:\hallosoft\spire\obj\development\vc141.idb
c:\hallosoft\spire\obj\development\ddstextureloader.obj
c:\hallosoft\spire\obj\development\pch.obj
c:\hallosoft\spire\obj\development\d3d.obj
c:\hallosoft\spire\obj\development\gsm.obj
c:\hallosoft\spire\obj\development\igi.obj
c:\hallosoft\spire\obj\development\map.obj
c:\hallosoft\spire\obj\development\model.obj
c:\hallosoft\spire\obj\development\sdemo.obj
c:\hallosoft\spire\obj\development\window.obj
c:\hallosoft\spire\obj\development\winmain.obj
c:\hallosoft\spire\dir\content\cso\pixel.cso
c:\hallosoft\spire\dir\content\cso\vertex.cso
c:\hallosoft\spire\bin\development\client.ilk
c:\hallosoft\spire\bin\development\client.exe
c:\hallosoft\spire\bin\development\client.pdb
c:\hallosoft\spire\obj\development\src.tlog\cl.command.1.tlog
c:\hallosoft\spire\obj\development\src.tlog\cl.read.1.tlog
c:\hallosoft\spire\obj\development\src.tlog\cl.write.1.tlog
c:\hallosoft\spire\obj\development\src.tlog\fxc.command.1.tlog
c:\hallosoft\spire\obj\development\src.tlog\fxc.read.1.tlog
c:\hallosoft\spire\obj\development\src.tlog\fxc.write.1.tlog
c:\hallosoft\spire\obj\development\src.tlog\link.command.1.tlog
c:\hallosoft\spire\obj\development\src.tlog\link.read.1.tlog
c:\hallosoft\spire\obj\development\src.tlog\link.write.1.tlog
c:\hallosoft\spire\obj\development\src.tlog\src.write.1u.tlog
